c:\users\z.kate\source\githubrepos\dx11\lab4\x64\release\vc143.pdb
c:\users\z.kate\source\githubrepos\dx11\lab4\x64\release\rendering.obj
c:\users\z.kate\source\githubrepos\dx11\lab4\x64\release\lab4.obj
c:\users\z.kate\source\githubrepos\dx11\lab4\x64\release\input.obj
c:\users\z.kate\source\githubrepos\dx11\lab4\x64\release\ddstextureloader11.obj
c:\users\z.kate\source\githubrepos\dx11\lab4\x64\release\camera.obj
c:\users\z.kate\source\githubrepos\dx11\lab4\x64\release\cubemapps.cso
c:\users\z.kate\source\githubrepos\dx11\lab4\x64\release\cubemapvs.cso
c:\users\z.kate\source\githubrepos\dx11\lab4\x64\release\ps.cso
c:\users\z.kate\source\githubrepos\dx11\lab4\x64\release\vs.cso
c:\users\z.kate\source\githubrepos\dx11\lab4\x64\release\lab4.ipdb
c:\users\z.kate\source\githubrepos\dx11\lab4\x64\release\lab4.iobj
c:\users\z.kate\source\githubrepos\dx11\lab4\x64\release\lab4.exe
c:\users\z.kate\source\githubrepos\dx11\lab4\x64\release\lab4.pdb
c:\users\z.kate\source\githubrepos\dx11\lab4\x64\release\lab4.res
c:\users\z.kate\source\githubrepos\dx11\lab4\x64\release\lab4.tlog\cl.command.1.tlog
c:\users\z.kate\source\githubrepos\dx11\lab4\x64\release\lab4.tlog\cl.read.1.tlog
c:\users\z.kate\source\githubrepos\dx11\lab4\x64\release\lab4.tlog\cl.write.1.tlog
c:\users\z.kate\source\githubrepos\dx11\lab4\x64\release\lab4.tlog\fxc.command.1.tlog
c:\users\z.kate\source\githubrepos\dx11\lab4\x64\release\lab4.tlog\fxc.read.1.tlog
c:\users\z.kate\source\githubrepos\dx11\lab4\x64\release\lab4.tlog\fxc.write.1.tlog
c:\users\z.kate\source\githubrepos\dx11\lab4\x64\release\lab4.tlog\lab4.write.1u.tlog
c:\users\z.kate\source\githubrepos\dx11\lab4\x64\release\lab4.tlog\link.command.1.tlog
c:\users\z.kate\source\githubrepos\dx11\lab4\x64\release\lab4.tlog\link.read.1.tlog
c:\users\z.kate\source\githubrepos\dx11\lab4\x64\release\lab4.tlog\link.write.1.tlog
c:\users\z.kate\source\githubrepos\dx11\lab4\x64\release\lab4.tlog\rc.command.1.tlog
c:\users\z.kate\source\githubrepos\dx11\lab4\x64\release\lab4.tlog\rc.read.1.tlog
c:\users\z.kate\source\githubrepos\dx11\lab4\x64\release\lab4.tlog\rc.write.1.tlog
