c:\users\z.kate\source\githubrepos\dx11\lab6\x64\debug\vc143.pdb
c:\users\z.kate\source\githubrepos\dx11\lab6\x64\debug\vc143.idb
c:\users\z.kate\source\githubrepos\dx11\lab6\x64\debug\rendering.obj
c:\users\z.kate\source\githubrepos\dx11\lab6\x64\debug\lab6.obj
c:\users\z.kate\source\githubrepos\dx11\lab6\x64\debug\input.obj
c:\users\z.kate\source\githubrepos\dx11\lab6\x64\debug\imgui_widgets.obj
c:\users\z.kate\source\githubrepos\dx11\lab6\x64\debug\imgui_tables.obj
c:\users\z.kate\source\githubrepos\dx11\lab6\x64\debug\imgui_impl_win32.obj
c:\users\z.kate\source\githubrepos\dx11\lab6\x64\debug\imgui_impl_dx11.obj
c:\users\z.kate\source\githubrepos\dx11\lab6\x64\debug\imgui_draw.obj
c:\users\z.kate\source\githubrepos\dx11\lab6\x64\debug\imgui_demo.obj
c:\users\z.kate\source\githubrepos\dx11\lab6\x64\debug\imgui.obj
c:\users\z.kate\source\githubrepos\dx11\lab6\x64\debug\ddstextureloader11.obj
c:\users\z.kate\source\githubrepos\dx11\lab6\x64\debug\d3dinclude.obj
c:\users\z.kate\source\githubrepos\dx11\lab6\x64\debug\camera.obj
c:\users\z.kate\source\githubrepos\dx11\lab6\x64\debug\lab6.exe
c:\users\z.kate\source\githubrepos\dx11\lab6\x64\debug\lab6.ilk
c:\users\z.kate\source\githubrepos\dx11\lab6\x64\debug\lab6.pdb
c:\users\z.kate\source\githubrepos\dx11\lab6\x64\debug\lab6.res
c:\users\z.kate\source\githubrepos\dx11\lab6\x64\debug\lab6.tlog\cl.command.1.tlog
c:\users\z.kate\source\githubrepos\dx11\lab6\x64\debug\lab6.tlog\cl.read.1.tlog
c:\users\z.kate\source\githubrepos\dx11\lab6\x64\debug\lab6.tlog\cl.write.1.tlog
c:\users\z.kate\source\githubrepos\dx11\lab6\x64\debug\lab6.tlog\fxc.command.1.tlog
c:\users\z.kate\source\githubrepos\dx11\lab6\x64\debug\lab6.tlog\fxc.read.1.tlog
c:\users\z.kate\source\githubrepos\dx11\lab6\x64\debug\lab6.tlog\link.command.1.tlog
c:\users\z.kate\source\githubrepos\dx11\lab6\x64\debug\lab6.tlog\link.read.1.tlog
c:\users\z.kate\source\githubrepos\dx11\lab6\x64\debug\lab6.tlog\link.write.1.tlog
c:\users\z.kate\source\githubrepos\dx11\lab6\x64\debug\lab6.tlog\rc.command.1.tlog
c:\users\z.kate\source\githubrepos\dx11\lab6\x64\debug\lab6.tlog\rc.read.1.tlog
c:\users\z.kate\source\githubrepos\dx11\lab6\x64\debug\lab6.tlog\rc.write.1.tlog
