  camera.cpp
C:\Users\z.kate\source\GitHubRepos\dx11\lab6\camera.cpp(6,17): warning C4305: =: усечение из "double" в "float"
  D3dInclude.cpp
  DDSTextureLoader11.cpp
  imgui.cpp
  imgui_demo.cpp
  imgui_draw.cpp
  imgui_impl_dx11.cpp
  imgui_impl_win32.cpp
  imgui_tables.cpp
  imgui_widgets.cpp
  input.cpp
  lab6.cpp
  rendering.cpp
  Создание кода...
C:\Users\z.kate\source\GitHubRepos\dx11\lab6\input.cpp(40): warning C4715: Input::ReadMouse: значение возвращается не при всех путях выполнения
  lab6.vcxproj -> C:\Users\z.kate\source\GitHubRepos\dx11\lab6\x64\Debug\lab6.exe
  Скопировано файлов:         1.
  Скопировано файлов:         1.
  Скопировано файлов:         1.
  Скопировано файлов:         1.
  Скопировано файлов:         1.
  Скопировано файлов:         1.
  Скопировано файлов:         1.
  Скопировано файлов:         1.
  Скопировано файлов:         1.
  Скопировано файлов:         1.
  Скопировано файлов:         1.
  Скопировано файлов:         1.
