c:\users\z.kate\source\githubrepos\dx11\lab4\x64\debug\vc143.pdb
c:\users\z.kate\source\githubrepos\dx11\lab4\x64\debug\vc143.idb
c:\users\z.kate\source\githubrepos\dx11\lab4\x64\debug\rendering.obj
c:\users\z.kate\source\githubrepos\dx11\lab4\x64\debug\lab4_dx11.obj
c:\users\z.kate\source\githubrepos\dx11\lab4\x64\debug\lab4.obj
c:\users\z.kate\source\githubrepos\dx11\lab4\x64\debug\input.obj
c:\users\z.kate\source\githubrepos\dx11\lab4\x64\debug\ddstextureloader11.obj
c:\users\z.kate\source\githubrepos\dx11\lab4\x64\debug\camera.obj
c:\users\z.kate\source\githubrepos\dx11\lab4\x64\debug\cubemapps.cso
c:\users\z.kate\source\githubrepos\dx11\lab4\x64\debug\cubemapvs.cso
c:\users\z.kate\source\githubrepos\dx11\lab4\x64\debug\ps.cso
c:\users\z.kate\source\githubrepos\dx11\lab4\x64\debug\vs.cso
c:\users\z.kate\source\githubrepos\dx11\lab4\x64\debug\lab4.exe
c:\users\z.kate\source\githubrepos\dx11\lab4\x64\debug\lab4.ilk
c:\users\z.kate\source\githubrepos\dx11\lab4\x64\debug\lab4.pdb
c:\users\z.kate\source\githubrepos\dx11\lab4\x64\debug\lab4.res
c:\users\z.kate\source\githubrepos\dx11\lab4\x64\debug\lab4.tlog\cl.command.1.tlog
c:\users\z.kate\source\githubrepos\dx11\lab4\x64\debug\lab4.tlog\cl.read.1.tlog
c:\users\z.kate\source\githubrepos\dx11\lab4\x64\debug\lab4.tlog\cl.write.1.tlog
c:\users\z.kate\source\githubrepos\dx11\lab4\x64\debug\lab4.tlog\fxc.command.1.tlog
c:\users\z.kate\source\githubrepos\dx11\lab4\x64\debug\lab4.tlog\fxc.read.1.tlog
c:\users\z.kate\source\githubrepos\dx11\lab4\x64\debug\lab4.tlog\fxc.write.1.tlog
c:\users\z.kate\source\githubrepos\dx11\lab4\x64\debug\lab4.tlog\link.command.1.tlog
c:\users\z.kate\source\githubrepos\dx11\lab4\x64\debug\lab4.tlog\link.read.1.tlog
c:\users\z.kate\source\githubrepos\dx11\lab4\x64\debug\lab4.tlog\link.write.1.tlog
c:\users\z.kate\source\githubrepos\dx11\lab4\x64\debug\lab4.tlog\rc.command.1.tlog
c:\users\z.kate\source\githubrepos\dx11\lab4\x64\debug\lab4.tlog\rc.read.1.tlog
c:\users\z.kate\source\githubrepos\dx11\lab4\x64\debug\lab4.tlog\rc.write.1.tlog
