c:\users\z.kate\source\githubrepos\dx11\lab6\x64\release\vc143.pdb
c:\users\z.kate\source\githubrepos\dx11\lab6\x64\release\rendering.obj
c:\users\z.kate\source\githubrepos\dx11\lab6\x64\release\lab6.obj
c:\users\z.kate\source\githubrepos\dx11\lab6\x64\release\input.obj
c:\users\z.kate\source\githubrepos\dx11\lab6\x64\release\imgui_widgets.obj
c:\users\z.kate\source\githubrepos\dx11\lab6\x64\release\imgui_tables.obj
c:\users\z.kate\source\githubrepos\dx11\lab6\x64\release\imgui_impl_win32.obj
c:\users\z.kate\source\githubrepos\dx11\lab6\x64\release\imgui_impl_dx11.obj
c:\users\z.kate\source\githubrepos\dx11\lab6\x64\release\imgui_draw.obj
c:\users\z.kate\source\githubrepos\dx11\lab6\x64\release\imgui_demo.obj
c:\users\z.kate\source\githubrepos\dx11\lab6\x64\release\imgui.obj
c:\users\z.kate\source\githubrepos\dx11\lab6\x64\release\ddstextureloader11.obj
c:\users\z.kate\source\githubrepos\dx11\lab6\x64\release\d3dinclude.obj
c:\users\z.kate\source\githubrepos\dx11\lab6\x64\release\camera.obj
c:\users\z.kate\source\githubrepos\dx11\lab6\x64\release\frustum.obj
c:\users\z.kate\source\githubrepos\dx11\lab6\x64\release\lab6.ipdb
c:\users\z.kate\source\githubrepos\dx11\lab6\x64\release\lab6.iobj
c:\users\z.kate\source\githubrepos\dx11\lab6\x64\release\lab6.exe
c:\users\z.kate\source\githubrepos\dx11\lab6\x64\release\lab6.pdb
c:\users\z.kate\source\githubrepos\dx11\lab6\x64\release\lab6.res
c:\users\z.kate\source\githubrepos\dx11\lab6\x64\release\lab6.tlog\cl.command.1.tlog
c:\users\z.kate\source\githubrepos\dx11\lab6\x64\release\lab6.tlog\cl.read.1.tlog
c:\users\z.kate\source\githubrepos\dx11\lab6\x64\release\lab6.tlog\cl.write.1.tlog
c:\users\z.kate\source\githubrepos\dx11\lab6\x64\release\lab6.tlog\lab6.write.1u.tlog
c:\users\z.kate\source\githubrepos\dx11\lab6\x64\release\lab6.tlog\link.command.1.tlog
c:\users\z.kate\source\githubrepos\dx11\lab6\x64\release\lab6.tlog\link.read.1.tlog
c:\users\z.kate\source\githubrepos\dx11\lab6\x64\release\lab6.tlog\link.write.1.tlog
c:\users\z.kate\source\githubrepos\dx11\lab6\x64\release\lab6.tlog\rc.command.1.tlog
c:\users\z.kate\source\githubrepos\dx11\lab6\x64\release\lab6.tlog\rc.read.1.tlog
c:\users\z.kate\source\githubrepos\dx11\lab6\x64\release\lab6.tlog\rc.write.1.tlog
